0 info it worked if it ends with ok
1 verbose cli [ '/usr/local/bin/node',
1 verbose cli   '/usr/local/bin/npm',
1 verbose cli   'install',
1 verbose cli   'mongodb@2.6.x' ]
2 info using npm@3.3.6
3 info using node@v5.0.0
4 silly loadCurrentTree Starting
5 silly install loadCurrentTree
6 silly install readLocalPackageData
7 silly fetchPackageMetaData mongodb@2.6.x
8 silly fetchNamedPackageData mongodb
9 silly mapToRegistry name mongodb
10 silly mapToRegistry using default registry
11 silly mapToRegistry registry https://registry.npmjs.org/
12 silly mapToRegistry uri https://registry.npmjs.org/mongodb
13 verbose get https://registry.npmjs.org/mongodb not expired, no request
14 silly fetchPackageMetaData Error: No compatible version found: mongodb@2.6.x
14 silly fetchPackageMetaData Valid install targets:
14 silly fetchPackageMetaData ["2.1.0-rc1","2.1.0-alpha","2.0.49","2.0.48","2.0.47","2.0.46","2.0.45","2.0.44","2.0.43","2.0.42","2.0.41","2.0.40","2.0.39","2.0.38","2.0.37","2.0.36","2.0.35","2.0.34","2.0.33","2.0.32","2.0.31","2.0.30","2.0.29","2.0.28","2.0.27","2.0.26","2.0.25","2.0.24","2.0.23","2.0.22","2.0.21","2.0.20","2.0.19","2.0.18","2.0.17","2.0.16","2.0.15","2.0.14","2.0.13","2.0.12","2.0.11","2.0.10","2.0.9","2.0.8","2.0.7","2.0.6","2.0.5","2.0.4","2.0.3","2.0.2","2.0.1","2.0.0","2.0.0-alpha2","2.0.0-alpha1","1.4.39","1.4.38","1.4.37","1.4.36","1.4.35","1.4.34","1.4.33","1.4.32","1.4.31","1.4.30","1.4.29","1.4.28","1.4.27","1.4.26","1.4.25","1.4.24","1.4.23","1.4.22","1.4.20","1.4.19","1.4.18","1.4.17","1.4.16","1.4.15","1.4.14","1.4.12","1.4.11","1.4.10","1.4.9","1.4.8","1.4.7","1.4.6","1.4.5","1.4.4","1.4.3","1.4.2","1.4.1","1.4.0","1.4.0-rc9","1.4.0-rc8","1.4.0-rc7","1.4.0-rc6","1.4.0-rc5","1.4.0-rc4","1.4.0-rc3","1.4.0-rc2","1.4.0-rc10","1.3.23","1.3.22","1.3.21","1.3.20","1.3.19","1.3.18","1.3.17","1.3.15","1.3.14","1.3.12","1.3.11","1.3.10","1.3.9","1.3.8","1.3.7","1.3.6","1.3.5","1.3.4","1.3.3","1.3.2","1.3.1","1.3.0","1.2.14","1.2.13","1.2.12","1.2.11","1.2.10","1.2.9","1.2.8","1.2.7","1.2.6","1.2.5","1.2.4","1.2.3","1.2.2","1.2.1","1.2.0","1.1.11","1.1.10","1.1.9","1.1.8","1.1.7","1.1.6","1.1.5","1.1.4","1.1.3","1.1.2","1.1.1","1.1.0","1.1.0-beta","1.0.2","1.0.1","1.0.0","0.9.9","0.9.9-8","0.9.9-7","0.9.9-6","0.9.9-5","0.9.9-4","0.9.9-3","0.9.9-2","0.9.9-1","0.9.8","0.9.8-7","0.9.8-6","0.9.8-5","0.9.8-4","0.9.8-3","0.9.8-2","0.9.8-1","0.9.7","0.9.7-3-5","0.9.7-3-4","0.9.7-3-3","0.9.7-3-2","0.9.7-3-1","0.9.7-2-5","0.9.7-2-4","0.9.7-2-3","0.9.7-2-2","0.9.7-2-1","0.9.7-3","0.9.7-2","0.9.7-1.4","0.9.7-1.3","0.9.7-1.2","0.9.7-1.1","0.9.7-1","0.9.7-0","0.9.6-23","0.9.6-22","0.9.6-21","0.9.6-20","0.9.6-19","0.9.6-18","0.9.6-17","0.9.6-16","0.9.6-15","0.9.6-14","0.9.6-13","0.9.6-12","0.9.6-11","0.9.6-10","0.9.6-9","0.9.6-8","0.9.6-7","0.9.4","0.9.4-4","0.9.3","0.9.2","0.9.1"]
14 silly fetchPackageMetaData
14 silly fetchPackageMetaData     at pickVersionFromRegistryDocument (/usr/local/lib/node_modules/npm/lib/fetch-package-metadata.js:146:16)
14 silly fetchPackageMetaData     at /usr/local/lib/node_modules/npm/node_modules/iferr/index.js:13:50
14 silly fetchPackageMetaData     at /usr/local/lib/node_modules/npm/lib/utils/pulse-till-done.js:19:8
14 silly fetchPackageMetaData     at CachingRegistryClient.get_ (/usr/local/lib/node_modules/npm/lib/cache/caching-client.js:120:16)
14 silly fetchPackageMetaData     at /usr/local/lib/node_modules/npm/lib/cache/caching-client.js:87:14
14 silly fetchPackageMetaData     at /usr/local/lib/node_modules/npm/node_modules/graceful-fs/graceful-fs.js:76:16
14 silly fetchPackageMetaData     at FSReqWrap.readFileAfterClose [as oncomplete] (fs.js:404:3)
14 silly fetchPackageMetaData  error for mongodb@2.6.x [Error: No compatible version found: mongodb@2.6.x
14 silly fetchPackageMetaData Valid install targets:
14 silly fetchPackageMetaData ["2.1.0-rc1","2.1.0-alpha","2.0.49","2.0.48","2.0.47","2.0.46","2.0.45","2.0.44","2.0.43","2.0.42","2.0.41","2.0.40","2.0.39","2.0.38","2.0.37","2.0.36","2.0.35","2.0.34","2.0.33","2.0.32","2.0.31","2.0.30","2.0.29","2.0.28","2.0.27","2.0.26","2.0.25","2.0.24","2.0.23","2.0.22","2.0.21","2.0.20","2.0.19","2.0.18","2.0.17","2.0.16","2.0.15","2.0.14","2.0.13","2.0.12","2.0.11","2.0.10","2.0.9","2.0.8","2.0.7","2.0.6","2.0.5","2.0.4","2.0.3","2.0.2","2.0.1","2.0.0","2.0.0-alpha2","2.0.0-alpha1","1.4.39","1.4.38","1.4.37","1.4.36","1.4.35","1.4.34","1.4.33","1.4.32","1.4.31","1.4.30","1.4.29","1.4.28","1.4.27","1.4.26","1.4.25","1.4.24","1.4.23","1.4.22","1.4.20","1.4.19","1.4.18","1.4.17","1.4.16","1.4.15","1.4.14","1.4.12","1.4.11","1.4.10","1.4.9","1.4.8","1.4.7","1.4.6","1.4.5","1.4.4","1.4.3","1.4.2","1.4.1","1.4.0","1.4.0-rc9","1.4.0-rc8","1.4.0-rc7","1.4.0-rc6","1.4.0-rc5","1.4.0-rc4","1.4.0-rc3","1.4.0-rc2","1.4.0-rc10","1.3.23","1.3.22","1.3.21","1.3.20","1.3.19","1.3.18","1.3.17","1.3.15","1.3.14","1.3.12","1.3.11","1.3.10","1.3.9","1.3.8","1.3.7","1.3.6","1.3.5","1.3.4","1.3.3","1.3.2","1.3.1","1.3.0","1.2.14","1.2.13","1.2.12","1.2.11","1.2.10","1.2.9","1.2.8","1.2.7","1.2.6","1.2.5","1.2.4","1.2.3","1.2.2","1.2.1","1.2.0","1.1.11","1.1.10","1.1.9","1.1.8","1.1.7","1.1.6","1.1.5","1.1.4","1.1.3","1.1.2","1.1.1","1.1.0","1.1.0-beta","1.0.2","1.0.1","1.0.0","0.9.9","0.9.9-8","0.9.9-7","0.9.9-6","0.9.9-5","0.9.9-4","0.9.9-3","0.9.9-2","0.9.9-1","0.9.8","0.9.8-7","0.9.8-6","0.9.8-5","0.9.8-4","0.9.8-3","0.9.8-2","0.9.8-1","0.9.7","0.9.7-3-5","0.9.7-3-4","0.9.7-3-3","0.9.7-3-2","0.9.7-3-1","0.9.7-2-5","0.9.7-2-4","0.9.7-2-3","0.9.7-2-2","0.9.7-2-1","0.9.7-3","0.9.7-2","0.9.7-1.4","0.9.7-1.3","0.9.7-1.2","0.9.7-1.1","0.9.7-1","0.9.7-0","0.9.6-23","0.9.6-22","0.9.6-21","0.9.6-20","0.9.6-19","0.9.6-18","0.9.6-17","0.9.6-16","0.9.6-15","0.9.6-14","0.9.6-13","0.9.6-12","0.9.6-11","0.9.6-10","0.9.6-9","0.9.6-8","0.9.6-7","0.9.4","0.9.4-4","0.9.3","0.9.2","0.9.1"]
14 silly fetchPackageMetaData ]
15 silly rollbackFailedOptional Starting
16 silly rollbackFailedOptional Finishing
17 silly runTopLevelLifecycles Starting
18 silly runTopLevelLifecycles Finishing
19 silly install printInstalled
20 verbose stack Error: No compatible version found: mongodb@2.6.x
20 verbose stack Valid install targets:
20 verbose stack ["2.1.0-rc1","2.1.0-alpha","2.0.49","2.0.48","2.0.47","2.0.46","2.0.45","2.0.44","2.0.43","2.0.42","2.0.41","2.0.40","2.0.39","2.0.38","2.0.37","2.0.36","2.0.35","2.0.34","2.0.33","2.0.32","2.0.31","2.0.30","2.0.29","2.0.28","2.0.27","2.0.26","2.0.25","2.0.24","2.0.23","2.0.22","2.0.21","2.0.20","2.0.19","2.0.18","2.0.17","2.0.16","2.0.15","2.0.14","2.0.13","2.0.12","2.0.11","2.0.10","2.0.9","2.0.8","2.0.7","2.0.6","2.0.5","2.0.4","2.0.3","2.0.2","2.0.1","2.0.0","2.0.0-alpha2","2.0.0-alpha1","1.4.39","1.4.38","1.4.37","1.4.36","1.4.35","1.4.34","1.4.33","1.4.32","1.4.31","1.4.30","1.4.29","1.4.28","1.4.27","1.4.26","1.4.25","1.4.24","1.4.23","1.4.22","1.4.20","1.4.19","1.4.18","1.4.17","1.4.16","1.4.15","1.4.14","1.4.12","1.4.11","1.4.10","1.4.9","1.4.8","1.4.7","1.4.6","1.4.5","1.4.4","1.4.3","1.4.2","1.4.1","1.4.0","1.4.0-rc9","1.4.0-rc8","1.4.0-rc7","1.4.0-rc6","1.4.0-rc5","1.4.0-rc4","1.4.0-rc3","1.4.0-rc2","1.4.0-rc10","1.3.23","1.3.22","1.3.21","1.3.20","1.3.19","1.3.18","1.3.17","1.3.15","1.3.14","1.3.12","1.3.11","1.3.10","1.3.9","1.3.8","1.3.7","1.3.6","1.3.5","1.3.4","1.3.3","1.3.2","1.3.1","1.3.0","1.2.14","1.2.13","1.2.12","1.2.11","1.2.10","1.2.9","1.2.8","1.2.7","1.2.6","1.2.5","1.2.4","1.2.3","1.2.2","1.2.1","1.2.0","1.1.11","1.1.10","1.1.9","1.1.8","1.1.7","1.1.6","1.1.5","1.1.4","1.1.3","1.1.2","1.1.1","1.1.0","1.1.0-beta","1.0.2","1.0.1","1.0.0","0.9.9","0.9.9-8","0.9.9-7","0.9.9-6","0.9.9-5","0.9.9-4","0.9.9-3","0.9.9-2","0.9.9-1","0.9.8","0.9.8-7","0.9.8-6","0.9.8-5","0.9.8-4","0.9.8-3","0.9.8-2","0.9.8-1","0.9.7","0.9.7-3-5","0.9.7-3-4","0.9.7-3-3","0.9.7-3-2","0.9.7-3-1","0.9.7-2-5","0.9.7-2-4","0.9.7-2-3","0.9.7-2-2","0.9.7-2-1","0.9.7-3","0.9.7-2","0.9.7-1.4","0.9.7-1.3","0.9.7-1.2","0.9.7-1.1","0.9.7-1","0.9.7-0","0.9.6-23","0.9.6-22","0.9.6-21","0.9.6-20","0.9.6-19","0.9.6-18","0.9.6-17","0.9.6-16","0.9.6-15","0.9.6-14","0.9.6-13","0.9.6-12","0.9.6-11","0.9.6-10","0.9.6-9","0.9.6-8","0.9.6-7","0.9.4","0.9.4-4","0.9.3","0.9.2","0.9.1"]
20 verbose stack
20 verbose stack     at pickVersionFromRegistryDocument (/usr/local/lib/node_modules/npm/lib/fetch-package-metadata.js:146:16)
20 verbose stack     at /usr/local/lib/node_modules/npm/node_modules/iferr/index.js:13:50
20 verbose stack     at /usr/local/lib/node_modules/npm/lib/utils/pulse-till-done.js:19:8
20 verbose stack     at CachingRegistryClient.get_ (/usr/local/lib/node_modules/npm/lib/cache/caching-client.js:120:16)
20 verbose stack     at /usr/local/lib/node_modules/npm/lib/cache/caching-client.js:87:14
20 verbose stack     at /usr/local/lib/node_modules/npm/node_modules/graceful-fs/graceful-fs.js:76:16
20 verbose stack     at FSReqWrap.readFileAfterClose [as oncomplete] (fs.js:404:3)
21 verbose cwd /home/abb/Documents/www2/moduleBase
22 error Linux 3.13.0-68-generic
23 error argv "/usr/local/bin/node" "/usr/local/bin/npm" "install" "mongodb@2.6.x"
24 error node v5.0.0
25 error npm  v3.3.6
26 error No compatible version found: mongodb@2.6.x
26 error Valid install targets:
26 error ["2.1.0-rc1","2.1.0-alpha","2.0.49","2.0.48","2.0.47","2.0.46","2.0.45","2.0.44","2.0.43","2.0.42","2.0.41","2.0.40","2.0.39","2.0.38","2.0.37","2.0.36","2.0.35","2.0.34","2.0.33","2.0.32","2.0.31","2.0.30","2.0.29","2.0.28","2.0.27","2.0.26","2.0.25","2.0.24","2.0.23","2.0.22","2.0.21","2.0.20","2.0.19","2.0.18","2.0.17","2.0.16","2.0.15","2.0.14","2.0.13","2.0.12","2.0.11","2.0.10","2.0.9","2.0.8","2.0.7","2.0.6","2.0.5","2.0.4","2.0.3","2.0.2","2.0.1","2.0.0","2.0.0-alpha2","2.0.0-alpha1","1.4.39","1.4.38","1.4.37","1.4.36","1.4.35","1.4.34","1.4.33","1.4.32","1.4.31","1.4.30","1.4.29","1.4.28","1.4.27","1.4.26","1.4.25","1.4.24","1.4.23","1.4.22","1.4.20","1.4.19","1.4.18","1.4.17","1.4.16","1.4.15","1.4.14","1.4.12","1.4.11","1.4.10","1.4.9","1.4.8","1.4.7","1.4.6","1.4.5","1.4.4","1.4.3","1.4.2","1.4.1","1.4.0","1.4.0-rc9","1.4.0-rc8","1.4.0-rc7","1.4.0-rc6","1.4.0-rc5","1.4.0-rc4","1.4.0-rc3","1.4.0-rc2","1.4.0-rc10","1.3.23","1.3.22","1.3.21","1.3.20","1.3.19","1.3.18","1.3.17","1.3.15","1.3.14","1.3.12","1.3.11","1.3.10","1.3.9","1.3.8","1.3.7","1.3.6","1.3.5","1.3.4","1.3.3","1.3.2","1.3.1","1.3.0","1.2.14","1.2.13","1.2.12","1.2.11","1.2.10","1.2.9","1.2.8","1.2.7","1.2.6","1.2.5","1.2.4","1.2.3","1.2.2","1.2.1","1.2.0","1.1.11","1.1.10","1.1.9","1.1.8","1.1.7","1.1.6","1.1.5","1.1.4","1.1.3","1.1.2","1.1.1","1.1.0","1.1.0-beta","1.0.2","1.0.1","1.0.0","0.9.9","0.9.9-8","0.9.9-7","0.9.9-6","0.9.9-5","0.9.9-4","0.9.9-3","0.9.9-2","0.9.9-1","0.9.8","0.9.8-7","0.9.8-6","0.9.8-5","0.9.8-4","0.9.8-3","0.9.8-2","0.9.8-1","0.9.7","0.9.7-3-5","0.9.7-3-4","0.9.7-3-3","0.9.7-3-2","0.9.7-3-1","0.9.7-2-5","0.9.7-2-4","0.9.7-2-3","0.9.7-2-2","0.9.7-2-1","0.9.7-3","0.9.7-2","0.9.7-1.4","0.9.7-1.3","0.9.7-1.2","0.9.7-1.1","0.9.7-1","0.9.7-0","0.9.6-23","0.9.6-22","0.9.6-21","0.9.6-20","0.9.6-19","0.9.6-18","0.9.6-17","0.9.6-16","0.9.6-15","0.9.6-14","0.9.6-13","0.9.6-12","0.9.6-11","0.9.6-10","0.9.6-9","0.9.6-8","0.9.6-7","0.9.4","0.9.4-4","0.9.3","0.9.2","0.9.1"]
27 error If you need help, you may report this error at:
27 error     <https://github.com/npm/npm/issues>
28 verbose exit [ 1, true ]
